0 silly argv {
0 silly argv   _: [ 'run' ],
0 silly argv   stream: true,
0 silly argv   lernaVersion: '4.0.0',
0 silly argv   '$0': 'node_modules\\lerna\\cli.js',
0 silly argv   script: 'build'
0 silly argv }
1 notice cli v4.0.0
2 verbose rootPath D:\Study\design-system
3 info versioning independent
4 error JSONError: Unexpected token "}" (0x7D) in JSON at position 271 while parsing near "...erveWatchOutput\",\n  },\n  \"dependencies\":..." in packages\ui\package.json
4 error
4 error [0m [90m  8 |[39m     [32m"clean"[39m[33m:[39m [32m"rimraf ./dist && rimraf tsconfig.tsbuildinfo"[39m[33m,[39m[0m
4 error [0m [90m  9 |[39m     [32m"watch"[39m[33m:[39m [32m"tsc -b -w --preserveWatchOutput"[39m[33m,[39m[0m
4 error [0m[31m[1m>[22m[39m[90m 10 |[39m   }[33m,[39m[0m
4 error [0m [90m    |[39m   [31m[1m^[22m[39m[0m
4 error [0m [90m 11 |[39m   [32m"dependencies"[39m[33m:[39m {[0m
4 error [0m [90m 12 |[39m     [32m"@design-system/utils"[39m[33m:[39m [32m"^0.0.1"[39m[33m,[39m[0m
4 error [0m [90m 13 |[39m     [32m"rimraf"[39m[33m:[39m [32m"^3.0.2"[39m[0m
4 error
4 error     at parseJson (D:\Study\design-system\node_modules\parse-json\index.js:29:21)
4 error     at parse (D:\Study\design-system\node_modules\load-json-file\index.js:15:9)
4 error     at module.exports (D:\Study\design-system\node_modules\load-json-file\index.js:18:47)
